<?xml version="1.0" encoding="utf-8"?><testsuites name="pytest tests"><testsuite name="pytest" errors="0" failures="0" skipped="0" tests="11" time="50.376" timestamp="2026-05-20T09:44:08.244456+00:00" hostname="agent-env-12057160-342c-4e9a-b504-faef5927d8b1"><testcase classname="backend.tests.backend_test" name="test_health" time="0.254" /><testcase classname="backend.tests.backend_test" name="test_meta" time="0.034" /><testcase classname="backend.tests.backend_test" name="test_list_projects" time="0.038" /><testcase classname="backend.tests.backend_test" name="test_create_blank_project" time="0.099" /><testcase classname="backend.tests.backend_test" name="test_library_search_images" time="0.037" /><testcase classname="backend.tests.backend_test" name="test_library_search_music" time="0.042" /><testcase classname="backend.tests.backend_test" name="test_generate_project" time="20.355" /><testcase classname="backend.tests.backend_test" name="test_patch_project" time="0.083" /><testcase classname="backend.tests.backend_test" name="test_render_lifecycle" time="29.073" /><testcase classname="backend.tests.backend_test" name="test_render_mp4_served" time="0.032" /><testcase classname="backend.tests.backend_test" name="test_delete_projects" time="0.259" /></testsuite></testsuites>