<?xml version="1.0" encoding="utf-8"?><testsuites name="pytest tests"><testsuite name="pytest" errors="0" failures="0" skipped="0" tests="14" time="49.734" timestamp="2026-05-20T09:51:30.309859+00:00" hostname="agent-env-12057160-342c-4e9a-b504-faef5927d8b1"><testcase classname="backend.tests.test_v21_hardening" name="test_upload_allows_png" time="0.298" /><testcase classname="backend.tests.test_v21_hardening" name="test_upload_allows_jpg" time="0.030" /><testcase classname="backend.tests.test_v21_hardening" name="test_upload_allows_mp4" time="0.048" /><testcase classname="backend.tests.test_v21_hardening" name="test_upload_allows_mp3" time="0.054" /><testcase classname="backend.tests.test_v21_hardening" name="test_upload_rejects_exe" time="0.034" /><testcase classname="backend.tests.test_v21_hardening" name="test_upload_rejects_txt" time="0.032" /><testcase classname="backend.tests.test_v21_hardening" name="test_storage_rejects_dotdot" time="0.046" /><testcase classname="backend.tests.test_v21_hardening" name="test_storage_rejects_backslash" time="0.031" /><testcase classname="backend.tests.test_v21_hardening" name="test_storage_rejects_unknown_kind" time="0.029" /><testcase classname="backend.tests.test_v21_hardening" name="test_storage_serves_valid_file" time="0.033" /><testcase classname="backend.tests.test_v21_hardening" name="test_storage_missing_file_404" time="0.030" /><testcase classname="backend.tests.test_v21_hardening" name="test_generate_project_for_render" time="15.781" /><testcase classname="backend.tests.test_v21_hardening" name="test_render_mp4_30_nonblocking" time="33.154" /><testcase classname="backend.tests.test_v21_hardening" name="test_cleanup" time="0.046" /></testsuite></testsuites>