<?xml version="1.0" encoding="utf-8"?><testsuites name="pytest tests"><testsuite name="pytest" errors="0" failures="0" skipped="0" tests="21" time="99.670" timestamp="2026-05-20T09:52:32.586455+00:00" hostname="agent-env-12057160-342c-4e9a-b504-faef5927d8b1"><testcase classname="backend.tests.backend_test" name="test_health" time="0.168" /><testcase classname="backend.tests.backend_test" name="test_meta" time="0.034" /><testcase classname="backend.tests.backend_test" name="test_list_projects" time="0.039" /><testcase classname="backend.tests.backend_test" name="test_create_blank_project" time="0.063" /><testcase classname="backend.tests.backend_test" name="test_library_search_images" time="0.040" /><testcase classname="backend.tests.backend_test" name="test_library_search_music" time="0.037" /><testcase classname="backend.tests.backend_test" name="test_generate_project" time="14.245" /><testcase classname="backend.tests.backend_test" name="test_patch_project" time="0.061" /><testcase classname="backend.tests.backend_test" name="test_render_lifecycle" time="25.022" /><testcase classname="backend.tests.backend_test" name="test_render_mp4_served" time="0.039" /><testcase classname="backend.tests.backend_test" name="test_delete_projects" time="0.218" /><testcase classname="backend.tests.test_v2_features" name="test_meta_extended" time="0.082" /><testcase classname="backend.tests.test_v2_features" name="test_upload_image_and_fetch" time="0.256" /><testcase classname="backend.tests.test_v2_features" name="test_upload_audio_media_type" time="0.029" /><testcase classname="backend.tests.test_v2_features" name="test_upload_video_media_type" time="0.084" /><testcase classname="backend.tests.test_v2_features" name="test_generate_small_project" time="9.636" /><testcase classname="backend.tests.test_v2_features" name="test_patch_scene_new_fields" time="0.179" /><testcase classname="backend.tests.test_v2_features" name="test_render_mp4_30fps" time="18.413" /><testcase classname="backend.tests.test_v2_features" name="test_render_invalid_format_falls_back_to_mp4" time="18.671" /><testcase classname="backend.tests.test_v2_features" name="test_render_invalid_fps_clamps" time="12.210" /><testcase classname="backend.tests.test_v2_features" name="test_delete_v2_project" time="0.065" /></testsuite></testsuites>