<?xml version="1.0" encoding="utf-8"?><testsuites name="pytest tests"><testsuite name="pytest" errors="0" failures="0" skipped="0" tests="11" time="37.064" timestamp="2026-05-20T08:53:11.241699+00:00" hostname="agent-env-12057160-342c-4e9a-b504-faef5927d8b1"><testcase classname="backend.tests.backend_test" name="test_health" time="0.527" /><testcase classname="backend.tests.backend_test" name="test_meta" time="0.035" /><testcase classname="backend.tests.backend_test" name="test_list_projects" time="0.040" /><testcase classname="backend.tests.backend_test" name="test_create_blank_project" time="0.067" /><testcase classname="backend.tests.backend_test" name="test_library_search_images" time="0.037" /><testcase classname="backend.tests.backend_test" name="test_library_search_music" time="0.029" /><testcase classname="backend.tests.backend_test" name="test_generate_project" time="18.540" /><testcase classname="backend.tests.backend_test" name="test_patch_project" time="0.409" /><testcase classname="backend.tests.backend_test" name="test_render_lifecycle" time="17.056" /><testcase classname="backend.tests.backend_test" name="test_render_mp4_served" time="0.037" /><testcase classname="backend.tests.backend_test" name="test_delete_projects" time="0.201" /></testsuite></testsuites>