<?xml version="1.0" encoding="utf-8"?><testsuites name="pytest tests"><testsuite name="pytest" errors="0" failures="0" skipped="0" tests="12" time="170.360" timestamp="2026-05-20T09:41:09.935512+00:00" hostname="agent-env-12057160-342c-4e9a-b504-faef5927d8b1"><testcase classname="backend.tests.test_v2_features" name="test_meta_extended" time="0.525" /><testcase classname="backend.tests.test_v2_features" name="test_upload_image_and_fetch" time="0.075" /><testcase classname="backend.tests.test_v2_features" name="test_upload_audio_media_type" time="0.032" /><testcase classname="backend.tests.test_v2_features" name="test_upload_video_media_type" time="0.062" /><testcase classname="backend.tests.test_v2_features" name="test_generate_small_project" time="12.168" /><testcase classname="backend.tests.test_v2_features" name="test_patch_scene_new_fields" time="0.104" /><testcase classname="backend.tests.test_v2_features" name="test_render_mp4_30fps" time="23.720" /><testcase classname="backend.tests.test_v2_features" name="test_render_invalid_format_falls_back_to_mp4" time="24.103" /><testcase classname="backend.tests.test_v2_features" name="test_render_invalid_fps_clamps" time="19.886" /><testcase classname="backend.tests.test_v2_features" name="test_render_webm" time="65.808" /><testcase classname="backend.tests.test_v2_features" name="test_render_mov" time="23.662" /><testcase classname="backend.tests.test_v2_features" name="test_delete_v2_project" time="0.150" /></testsuite></testsuites>