<?xml version="1.0" encoding="utf-8"?><testsuites name="pytest tests"><testsuite name="pytest" errors="0" failures="0" skipped="0" tests="23" time="86.978" timestamp="2026-05-20T10:35:19.027540+00:00" hostname="agent-env-12057160-342c-4e9a-b504-faef5927d8b1"><testcase classname="backend.tests.test_v3_caption_style" name="test_meta_has_caption_style_keys" time="0.288" /><testcase classname="backend.tests.test_v3_caption_style" name="test_blank_project_default_caption_style" time="0.037" /><testcase classname="backend.tests.test_v3_caption_style" name="test_generate_project_has_caption_style" time="12.690" /><testcase classname="backend.tests.test_v3_caption_style" name="test_patch_caption_style_roundtrip" time="0.075" /><testcase classname="backend.tests.test_v3_caption_style" name="test_patch_scene_caption_edits_roundtrip" time="0.099" /><testcase classname="backend.tests.test_v3_caption_style" name="test_patch_unknown_preset_accepted" time="0.075" /><testcase classname="backend.tests.test_v3_caption_style" name="test_render_mp4_hormozi_style" time="25.148" /><testcase classname="backend.tests.test_v3_caption_style" name="test_render_mp4_mrbeast_style" time="25.495" /><testcase classname="backend.tests.test_v3_caption_style" name="test_zzz_cleanup" time="0.435" /><testcase classname="backend.tests.test_v21_hardening" name="test_upload_allows_png" time="0.101" /><testcase classname="backend.tests.test_v21_hardening" name="test_upload_allows_jpg" time="0.050" /><testcase classname="backend.tests.test_v21_hardening" name="test_upload_allows_mp4" time="0.033" /><testcase classname="backend.tests.test_v21_hardening" name="test_upload_allows_mp3" time="0.028" /><testcase classname="backend.tests.test_v21_hardening" name="test_upload_rejects_exe" time="0.029" /><testcase classname="backend.tests.test_v21_hardening" name="test_upload_rejects_txt" time="0.029" /><testcase classname="backend.tests.test_v21_hardening" name="test_storage_rejects_dotdot" time="0.032" /><testcase classname="backend.tests.test_v21_hardening" name="test_storage_rejects_backslash" time="0.029" /><testcase classname="backend.tests.test_v21_hardening" name="test_storage_rejects_unknown_kind" time="0.029" /><testcase classname="backend.tests.test_v21_hardening" name="test_storage_serves_valid_file" time="0.029" /><testcase classname="backend.tests.test_v21_hardening" name="test_storage_missing_file_404" time="0.031" /><testcase classname="backend.tests.test_v21_hardening" name="test_generate_project_for_render" time="12.540" /><testcase classname="backend.tests.test_v21_hardening" name="test_render_mp4_30_nonblocking" time="9.519" /><testcase classname="backend.tests.test_v21_hardening" name="test_cleanup" time="0.031" /></testsuite></testsuites>