<?xml version="1.0" encoding="utf-8"?><testsuites name="pytest tests"><testsuite name="pytest" errors="0" failures="2" skipped="0" tests="9" time="25.718" timestamp="2026-05-20T10:28:54.023974+00:00" hostname="agent-env-12057160-342c-4e9a-b504-faef5927d8b1"><testcase classname="backend.tests.test_v3_caption_style" name="test_meta_has_caption_style_keys" time="0.325" /><testcase classname="backend.tests.test_v3_caption_style" name="test_blank_project_default_caption_style" time="0.048" /><testcase classname="backend.tests.test_v3_caption_style" name="test_generate_project_has_caption_style" time="20.641" /><testcase classname="backend.tests.test_v3_caption_style" name="test_patch_caption_style_roundtrip" time="0.082" /><testcase classname="backend.tests.test_v3_caption_style" name="test_patch_scene_caption_edits_roundtrip" time="0.110" /><testcase classname="backend.tests.test_v3_caption_style" name="test_patch_unknown_preset_accepted" time="0.062" /><testcase classname="backend.tests.test_v3_caption_style" name="test_render_mp4_hormozi_style" time="2.138"><failure message="AssertionError: render failed: {'id': '38879f3e45e3440ab9655fcc757115d0', 'project_id': 'd02d7856f0a64662a462225c81657585', 'status': 'failed', 'progress': 5, 'message': 'Render failed', 'final_video_url': None, 'error': '[Errno 2] No such file or directory', 'created_at': '2026-05-20T10:29:15.419627+00:00', 'updated_at': '2026-05-20T10:29:15.617166+00:00'}&#10;assert ({'created_at': '2026-05-20T10:29:15.419627+00:00', 'error': '[Errno 2] No such file or directory', 'final_video_url': None, 'id': '38879f3e45e3440ab9655fcc757115d0', ...} and 'failed' == 'completed'&#10;  &#10;  - completed&#10;  + failed)">backend/tests/test_v3_caption_style.py:232: in test_render_mp4_hormozi_style
    assert final and final.get("status") == "completed", f"render failed: {final}"
E   AssertionError: render failed: {'id': '38879f3e45e3440ab9655fcc757115d0', 'project_id': 'd02d7856f0a64662a462225c81657585', 'status': 'failed', 'progress': 5, 'message': 'Render failed', 'final_video_url': None, 'error': '[Errno 2] No such file or directory', 'created_at': '2026-05-20T10:29:15.419627+00:00', 'updated_at': '2026-05-20T10:29:15.617166+00:00'}
E   assert ({'created_at': '2026-05-20T10:29:15.419627+00:00', 'error': '[Errno 2] No such file or directory', 'final_video_url': None, 'id': '38879f3e45e3440ab9655fcc757115d0', ...} and 'failed' == 'completed'
E     
E     - completed
E     + failed)</failure></testcase><testcase classname="backend.tests.test_v3_caption_style" name="test_render_mp4_mrbeast_style" time="2.150"><failure message="AssertionError: render failed: {'id': '318e21eec4a9474fbb28d129c16b8261', 'project_id': 'd02d7856f0a64662a462225c81657585', 'status': 'failed', 'progress': 5, 'message': 'Render failed', 'final_video_url': None, 'error': '[Errno 2] No such file or directory', 'created_at': '2026-05-20T10:29:17.590952+00:00', 'updated_at': '2026-05-20T10:29:17.643352+00:00'}&#10;assert ({'created_at': '2026-05-20T10:29:17.590952+00:00', 'error': '[Errno 2] No such file or directory', 'final_video_url': None, 'id': '318e21eec4a9474fbb28d129c16b8261', ...} and 'failed' == 'completed'&#10;  &#10;  - completed&#10;  + failed)">backend/tests/test_v3_caption_style.py:263: in test_render_mp4_mrbeast_style
    assert final and final.get("status") == "completed", f"render failed: {final}"
E   AssertionError: render failed: {'id': '318e21eec4a9474fbb28d129c16b8261', 'project_id': 'd02d7856f0a64662a462225c81657585', 'status': 'failed', 'progress': 5, 'message': 'Render failed', 'final_video_url': None, 'error': '[Errno 2] No such file or directory', 'created_at': '2026-05-20T10:29:17.590952+00:00', 'updated_at': '2026-05-20T10:29:17.643352+00:00'}
E   assert ({'created_at': '2026-05-20T10:29:17.590952+00:00', 'error': '[Errno 2] No such file or directory', 'final_video_url': None, 'id': '318e21eec4a9474fbb28d129c16b8261', ...} and 'failed' == 'completed'
E     
E     - completed
E     + failed)</failure></testcase><testcase classname="backend.tests.test_v3_caption_style" name="test_zzz_cleanup" time="0.071" /></testsuite></testsuites>