<?xml version="1.0" encoding="utf-8"?><testsuites name="pytest tests"><testsuite name="pytest" errors="0" failures="0" skipped="0" tests="2" time="50.900" timestamp="2026-05-20T10:33:11.935658+00:00" hostname="agent-env-12057160-342c-4e9a-b504-faef5927d8b1"><testcase classname="backend.tests.test_v3_caption_style" name="test_render_mp4_hormozi_style" time="25.442" /><testcase classname="backend.tests.test_v3_caption_style" name="test_render_mp4_mrbeast_style" time="25.390" /></testsuite></testsuites>